time="2026-03-07 20:06:09" level=info msg="服务器启动成功，监听端口: 8080"
time="2026-03-07 20:16:25" level=info msg="服务器启动成功，监听端口: 8080"
time="2026-03-07 20:16:46" level=info msg="服务器启动成功，监听端口: 8080"
time="2026-03-08 12:38:10" level=info msg="服务器启动成功，监听端口: 8080"
time="2026-03-08 17:56:17" level=info msg="服务器启动成功，监听端口: 8080"
time="2026-03-08 18:05:44" level=info msg="服务器启动成功，监听端口: 8080"
time="2026-03-08 18:05:58" level=info msg="获取文章详情，id: 2"
time="2026-03-08 18:06:43" level=info msg="获取文章详情，id: 2"
time="2026-03-08 18:14:29" level=info msg="获取文章详情，id: 2"
time="2026-03-08 18:14:45" level=info msg="获取文章详情，id: 2"
time="2026-03-08 18:15:25" level=info msg="获取文章详情，id: 2"
time="2026-03-08 18:15:30" level=info msg="获取文章详情，id: 2"
time="2026-03-08 18:15:45" level=info msg="获取文章详情，id: 2"
time="2026-03-08 18:16:28" level=info msg="获取文章详情，id: 2"
time="2026-03-08 18:16:35" level=info msg="获取文章详情，id: 2"
time="2026-03-08 18:18:27" level=info msg="获取文章详情，id: 2"
time="2026-03-08 18:25:58" level=info msg="服务器启动成功，监听端口: 8080"
time="2026-03-08 18:26:07" level=info msg="获取文章详情，id: 2"
time="2026-03-08 18:26:51" level=info msg="获取文章详情，id: 2"
time="2026-03-08 18:27:04" level=info msg="更新文章，id: 2"
time="2026-03-08 18:27:10" level=info msg="获取文章详情，id: 2"
time="2026-03-08 18:27:38" level=info msg="获取文章详情，id: 2"
time="2026-03-08 18:27:45" level=info msg="获取文章详情，id: 2"
time="2026-03-08 18:27:50" level=info msg="删除文章，id: 2"
time="2026-03-08 18:28:29" level=info msg="获取文章详情，id: 3"
time="2026-03-08 18:28:31" level=info msg="获取文章详情，id: 3"
time="2026-03-08 18:31:15" level=info msg="获取文章详情，id: 3"
time="2026-03-08 18:32:30" level=info msg="获取文章详情，id: 3"
time="2026-03-08 18:43:46" level=info msg="获取文章详情，id: 3"
time="2026-03-08 18:44:02" level=info msg="获取文章详情，id: 3"
time="2026-03-08 18:44:05" level=info msg="获取文章详情，id: 3"
time="2026-03-08 18:44:06" level=info msg="更新文章，id: 3"
time="2026-03-08 18:44:08" level=info msg="获取文章详情，id: 3"
time="2026-03-08 18:45:23" level=info msg="获取文章详情，id: 3"
time="2026-03-08 18:45:31" level=info msg="获取文章详情，id: 3"
time="2026-03-08 18:48:27" level=info msg="获取文章详情，id: 3"
time="2026-03-08 18:49:53" level=info msg="获取文章详情，id: 3"
time="2026-03-08 18:50:03" level=info msg="获取文章详情，id: 3"
time="2026-03-08 18:52:17" level=info msg="获取文章详情，id: 3"
time="2026-03-08 18:53:06" level=info msg="获取文章详情，id: 3"
time="2026-03-08 21:10:47" level=info msg="获取文章详情，id: 3"
time="2026-03-08 21:13:22" level=info msg="获取文章详情，id: 3"
time="2026-03-08 21:16:24" level=info msg="获取文章详情，id: 3"
time="2026-03-08 21:16:53" level=info msg="获取文章详情，id: 3"
time="2026-03-08 21:17:00" level=info msg="获取文章详情，id: 3"
time="2026-03-08 21:18:14" level=info msg="获取文章详情，id: 3"
time="2026-03-08 21:18:40" level=info msg="获取文章详情，id: 3"
time="2026-03-08 21:18:41" level=info msg="获取文章详情，id: 3"
time="2026-03-08 21:19:20" level=info msg="获取文章详情，id: 3"
time="2026-03-08 21:19:35" level=info msg="获取文章详情，id: 3"
time="2026-03-08 21:19:37" level=info msg="更新文章，id: 3"
time="2026-03-08 21:19:39" level=info msg="获取文章详情，id: 3"
time="2026-03-08 21:19:44" level=info msg="更新文章，id: 3"
time="2026-03-08 21:19:45" level=info msg="获取文章详情，id: 3"
time="2026-03-08 21:19:49" level=info msg="获取文章详情，id: 3"
time="2026-03-08 21:19:54" level=info msg="获取文章详情，id: 3"
time="2026-03-08 21:20:11" level=info msg="获取文章详情，id: 3"
time="2026-03-08 21:20:37" level=info msg="获取文章详情，id: 3"
time="2026-03-08 21:21:21" level=error msg="创建评论参数绑定失败: json: cannot unmarshal string into Go struct field Comment.post_id of type uint"
time="2026-03-08 21:24:44" level=info msg="获取文章详情，id: 3"
time="2026-03-08 21:25:40" level=info msg="获取文章详情，id: 3"
time="2026-03-08 21:25:50" level=info msg="获取文章详情，id: 3"
time="2026-03-08 21:25:53" level=error msg="创建评论参数绑定失败: json: cannot unmarshal string into Go struct field Comment.post_id of type uint"
time="2026-03-08 21:26:09" level=info msg="获取文章详情，id: 3"
time="2026-03-08 21:26:11" level=error msg="创建评论参数绑定失败: json: cannot unmarshal string into Go struct field Comment.post_id of type uint"
time="2026-03-08 21:29:32" level=info msg="服务器启动成功，监听端口: 8080"
time="2026-03-08 21:31:30" level=info msg="获取文章详情，id: 3"
time="2026-03-08 21:35:53" level=info msg="获取文章详情，id: 3"
time="2026-03-08 21:35:56" level=info msg="获取文章详情，id: 3"
time="2026-03-08 21:37:03" level=info msg="获取文章详情，id: 3"
time="2026-03-08 21:37:03" level=info msg="获取文章详情，id: 3"
time="2026-03-08 21:37:40" level=info msg="获取文章详情，id: 3"
time="2026-03-08 21:40:24" level=info msg="获取文章详情，id: 3"
time="2026-03-08 21:40:24" level=info msg="获取文章详情，id: 3"
time="2026-03-08 21:41:55" level=info msg="删除文章，id: 3"
time="2026-03-08 21:42:30" level=info msg="获取文章详情，id: 4"
time="2026-03-08 21:42:35" level=info msg="获取文章详情，id: 4"
time="2026-03-08 21:42:37" level=info msg="获取文章详情，id: 4"
time="2026-03-08 21:47:03" level=info msg="获取文章详情，id: 4"
time="2026-03-08 21:47:29" level=info msg="获取文章详情，id: 4"
time="2026-03-08 21:49:49" level=info msg="获取文章详情，id: 4"
time="2026-03-08 21:50:01" level=info msg="获取文章详情，id: 4"
time="2026-03-08 21:50:15" level=info msg="获取文章详情，id: 4"
time="2026-03-08 21:50:20" level=info msg="获取文章详情，id: 4"
time="2026-03-08 21:50:21" level=info msg="更新文章，id: 4"
time="2026-03-08 21:50:25" level=info msg="更新文章，id: 4"
time="2026-03-08 21:50:28" level=info msg="删除文章，id: 4"
time="2026-03-08 21:51:38" level=info msg="删除文章，id: 4"
time="2026-03-08 21:51:48" level=info msg="删除文章，id: 4"
time="2026-03-08 21:52:51" level=info msg="删除文章，id: 4"
time="2026-03-08 21:55:31" level=info msg="删除文章，id: 4"
time="2026-03-08 21:55:36" level=info msg="删除文章，id: 4"
time="2026-03-08 21:55:42" level=info msg="删除文章，id: 4"
time="2026-03-08 21:57:30" level=info msg="删除文章，id: 4"
time="2026-03-08 21:57:37" level=info msg="删除文章，id: 4"
time="2026-03-08 22:04:32" level=info msg="服务器启动成功，监听端口: 8080"
time="2026-03-08 22:04:42" level=info msg="删除文章，id: 4"
time="2026-03-08 22:05:41" level=info msg="删除文章，id: 4"
time="2026-03-08 22:05:50" level=info msg="删除文章，id: 4"
time="2026-03-08 22:07:44" level=info msg="删除文章，id: 4"
time="2026-03-08 22:08:01" level=info msg="删除文章，id: 4"
time="2026-03-08 22:08:16" level=info msg="删除文章，id: 4"
time="2026-03-08 22:10:38" level=info msg="删除文章，id: 4"
time="2026-03-08 22:10:43" level=info msg="删除文章，id: 4"
time="2026-03-08 22:10:49" level=info msg="删除文章，id: 4"
time="2026-03-08 22:11:29" level=info msg="服务器启动成功，监听端口: 8080"
time="2026-03-08 22:11:37" level=info msg="删除文章，id: 4"
time="2026-03-08 22:13:47" level=info msg="删除文章，id: 4"
time="2026-03-08 22:14:32" level=info msg="删除文章，id: 4"
time="2026-03-08 22:14:45" level=info msg="删除文章，id: 4"
time="2026-03-08 22:15:01" level=info msg="服务器启动成功，监听端口: 8080"
time="2026-03-08 22:15:10" level=info msg="删除文章，id: 4"
time="2026-03-08 22:18:01" level=info msg="删除文章，id: 4"
time="2026-03-08 22:18:31" level=info msg="删除文章，id: 4"
time="2026-03-08 22:20:03" level=info msg="删除文章，id: 4"
time="2026-03-08 22:22:17" level=info msg="删除文章，id: 4"
time="2026-03-08 22:22:23" level=info msg="删除文章，id: 4"
time="2026-03-08 22:22:38" level=info msg="删除文章，id: 4"
time="2026-03-08 22:24:27" level=info msg="删除文章，id: 4"
time="2026-03-08 22:27:33" level=info msg="删除文章，id: 4"
time="2026-03-08 22:27:37" level=info msg="获取文章详情，id: 4"
time="2026-03-08 22:30:46" level=info msg="获取文章详情，id: 4"
time="2026-03-08 22:30:52" level=info msg="获取文章详情，id: 4"
time="2026-03-08 22:30:55" level=info msg="获取文章详情，id: 4"
time="2026-03-08 22:32:57" level=info msg="服务器启动成功，监听端口: 8080"
time="2026-03-08 22:33:30" level=error msg="创建文章失败: Error 1452 (23000): Cannot add or update a child row: a foreign key constraint fails (`blog`.`posts`, CONSTRAINT `fk_posts_user` FOREIGN KEY (`user_id`) REFERENCES `users` (`id`))"
time="2026-03-08 22:34:31" level=info msg="获取文章详情，id: 4"
time="2026-03-08 22:35:19" level=error msg="创建文章失败: Error 1452 (23000): Cannot add or update a child row: a foreign key constraint fails (`blog`.`posts`, CONSTRAINT `fk_posts_user` FOREIGN KEY (`user_id`) REFERENCES `users` (`id`))"
time="2026-03-08 22:46:11" level=info msg="服务器启动成功，监听端口: 8080"
time="2026-03-08 22:46:22" level=error msg="用户不存在: 1"
time="2026-03-08 22:46:24" level=error msg="用户不存在: 1"
time="2026-03-08 22:46:30" level=error msg="用户不存在: 1"
time="2026-03-08 22:48:16" level=error msg="用户不存在: 1"
time="2026-03-08 22:48:47" level=info msg="服务器启动成功，监听端口: 8080"
time="2026-03-08 22:48:49" level=error msg="用户不存在: 1"
time="2026-03-08 22:48:50" level=error msg="用户不存在: 1"
time="2026-03-08 22:48:50" level=error msg="用户不存在: 1"
time="2026-03-08 22:49:15" level=info msg="获取文章详情，id: 3"
time="2026-03-08 22:49:24" level=info msg="获取文章详情，id: 3"
time="2026-03-08 22:49:27" level=info msg="更新文章，id: 3"
time="2026-03-08 22:49:58" level=info msg="获取文章详情，id: 3"
time="2026-03-08 22:50:07" level=info msg="删除文章，id: 3"
time="2026-03-09 18:38:27" level=info msg="服务器启动成功，监听端口: 8080"
time="2026-03-09 18:40:05" level=info msg="获取文章详情，id: 4"
time="2026-03-09 18:45:30" level=info msg="服务器启动成功，监听端口: 8080"
time="2026-03-09 18:48:07" level=info msg="服务器启动成功，监听端口: 8080"
time="2026-03-09 19:09:37" level=info msg="服务器启动成功，监听端口: 8080"
time="2026-03-09 19:11:14" level=info msg="获取文章详情，id: 4"
time="2026-03-09 19:18:37" level=info msg="服务器启动成功，监听端口: 8080"
time="2026-03-09 19:22:16" level=info msg="服务器启动成功，监听端口: 8080"
time="2026-03-09 19:29:41" level=info msg="服务器启动成功，监听端口: 8080"
time="2026-03-09 19:31:04" level=info msg="获取文章详情，id: 4"
